[0.010s] Invoking command in '/home/robo/Desktop/Multi-threading/ros2_ws/build/executors_exercises_pkg': CMAKE_PREFIX_PATH=${CMAKE_PREFIX_PATH}:/opt/ros/humble /home/robo/.local/bin/cmake /home/robo/Desktop/Multi-threading/ros2_ws/src/executors_exercises_pkg -DCMAKE_INSTALL_PREFIX=/home/robo/Desktop/Multi-threading/ros2_ws/install/executors_exercises_pkg
[0.115s] -- The C compiler identification is GNU 11.4.0
[0.182s] -- The CXX compiler identification is GNU 11.4.0
[0.197s] -- Detecting C compiler ABI info
[0.238s] -- Detecting C compiler ABI info - done
[0.244s] -- Check for working C compiler: /usr/bin/cc - skipped
[0.245s] -- Detecting C compile features
[0.246s] -- Detecting C compile features - done
[0.254s] -- Detecting CXX compiler ABI info
[0.298s] -- Detecting CXX compiler ABI info - done
[0.305s] -- Check for working CXX compiler: /usr/bin/c++ - skipped
[0.306s] -- Detecting CXX compile features
[0.306s] -- Detecting CXX compile features - done
[0.312s] -- Found ament_cmake: 1.3.5 (/opt/ros/humble/share/ament_cmake/cmake)
[0.524s] -- Found Python3: /usr/bin/python3.10 (found version "3.10.12") found components: Interpreter 
[0.587s] -- Found rclcpp: 16.0.5 (/opt/ros/humble/share/rclcpp/cmake)
[0.629s] -- Found rosidl_generator_c: 3.1.5 (/opt/ros/humble/share/rosidl_generator_c/cmake)
[0.633s] -- Found rosidl_adapter: 3.1.5 (/opt/ros/humble/share/rosidl_adapter/cmake)
[0.641s] -- Found rosidl_generator_cpp: 3.1.5 (/opt/ros/humble/share/rosidl_generator_cpp/cmake)
[0.655s] -- Using all available rosidl_typesupport_c: rosidl_typesupport_fastrtps_c;rosidl_typesupport_introspection_c
[0.674s] -- Using all available rosidl_typesupport_cpp: rosidl_typesupport_fastrtps_cpp;rosidl_typesupport_introspection_cpp
[0.732s] -- Found rmw_implementation_cmake: 6.1.1 (/opt/ros/humble/share/rmw_implementation_cmake/cmake)
[0.735s] -- Found rmw_fastrtps_cpp: 6.2.3 (/opt/ros/humble/share/rmw_fastrtps_cpp/cmake)
[0.804s] -- Found OpenSSL: /usr/lib/x86_64-linux-gnu/libcrypto.so (found version "3.0.2")  
[0.822s] -- Found FastRTPS: /opt/ros/humble/include  
[0.853s] -- Using RMW implementation 'rmw_fastrtps_cpp' as default
[0.861s] -- Performing Test CMAKE_HAVE_LIBC_PTHREAD
[0.903s] -- Performing Test CMAKE_HAVE_LIBC_PTHREAD - Success
[0.904s] -- Found Threads: TRUE  
[1.036s] -- Found nav_msgs: 4.2.3 (/opt/ros/humble/share/nav_msgs/cmake)
[1.133s] -- Found ament_lint_auto: 0.12.7 (/opt/ros/humble/share/ament_lint_auto/cmake)
[1.185s] -- Added test 'lint_cmake' to check CMake code style
[1.186s] -- Added test 'xmllint' to check XML markup files
[1.187s] -- Configuring done (1.1s)
[1.189s] -- Generating done (0.0s)
[1.190s] -- Build files have been written to: /home/robo/Desktop/Multi-threading/ros2_ws/build/executors_exercises_pkg
[1.198s] Invoked command in '/home/robo/Desktop/Multi-threading/ros2_ws/build/executors_exercises_pkg' returned '0': CMAKE_PREFIX_PATH=${CMAKE_PREFIX_PATH}:/opt/ros/humble /home/robo/.local/bin/cmake /home/robo/Desktop/Multi-threading/ros2_ws/src/executors_exercises_pkg -DCMAKE_INSTALL_PREFIX=/home/robo/Desktop/Multi-threading/ros2_ws/install/executors_exercises_pkg
[1.200s] Invoking command in '/home/robo/Desktop/Multi-threading/ros2_ws/build/executors_exercises_pkg': CMAKE_PREFIX_PATH=${CMAKE_PREFIX_PATH}:/opt/ros/humble /home/robo/.local/bin/cmake --build /home/robo/Desktop/Multi-threading/ros2_ws/build/executors_exercises_pkg -- -j12 -l12
[1.229s] Invoked command in '/home/robo/Desktop/Multi-threading/ros2_ws/build/executors_exercises_pkg' returned '0': CMAKE_PREFIX_PATH=${CMAKE_PREFIX_PATH}:/opt/ros/humble /home/robo/.local/bin/cmake --build /home/robo/Desktop/Multi-threading/ros2_ws/build/executors_exercises_pkg -- -j12 -l12
[1.276s] Invoking command in '/home/robo/Desktop/Multi-threading/ros2_ws/build/executors_exercises_pkg': CMAKE_PREFIX_PATH=${CMAKE_PREFIX_PATH}:/opt/ros/humble /home/robo/.local/bin/cmake --install /home/robo/Desktop/Multi-threading/ros2_ws/build/executors_exercises_pkg
[1.291s] -- Install configuration: ""
[1.291s] -- Installing: /home/robo/Desktop/Multi-threading/ros2_ws/install/executors_exercises_pkg/share/ament_index/resource_index/package_run_dependencies/executors_exercises_pkg
[1.291s] -- Installing: /home/robo/Desktop/Multi-threading/ros2_ws/install/executors_exercises_pkg/share/ament_index/resource_index/parent_prefix_path/executors_exercises_pkg
[1.292s] -- Installing: /home/robo/Desktop/Multi-threading/ros2_ws/install/executors_exercises_pkg/share/executors_exercises_pkg/environment/ament_prefix_path.sh
[1.292s] -- Installing: /home/robo/Desktop/Multi-threading/ros2_ws/install/executors_exercises_pkg/share/executors_exercises_pkg/environment/ament_prefix_path.dsv
[1.292s] -- Installing: /home/robo/Desktop/Multi-threading/ros2_ws/install/executors_exercises_pkg/share/executors_exercises_pkg/environment/path.sh
[1.292s] -- Installing: /home/robo/Desktop/Multi-threading/ros2_ws/install/executors_exercises_pkg/share/executors_exercises_pkg/environment/path.dsv
[1.292s] -- Installing: /home/robo/Desktop/Multi-threading/ros2_ws/install/executors_exercises_pkg/share/executors_exercises_pkg/local_setup.bash
[1.292s] -- Installing: /home/robo/Desktop/Multi-threading/ros2_ws/install/executors_exercises_pkg/share/executors_exercises_pkg/local_setup.sh
[1.292s] -- Installing: /home/robo/Desktop/Multi-threading/ros2_ws/install/executors_exercises_pkg/share/executors_exercises_pkg/local_setup.zsh
[1.292s] -- Installing: /home/robo/Desktop/Multi-threading/ros2_ws/install/executors_exercises_pkg/share/executors_exercises_pkg/local_setup.dsv
[1.292s] -- Installing: /home/robo/Desktop/Multi-threading/ros2_ws/install/executors_exercises_pkg/share/executors_exercises_pkg/package.dsv
[1.292s] -- Installing: /home/robo/Desktop/Multi-threading/ros2_ws/install/executors_exercises_pkg/share/ament_index/resource_index/packages/executors_exercises_pkg
[1.292s] -- Installing: /home/robo/Desktop/Multi-threading/ros2_ws/install/executors_exercises_pkg/share/executors_exercises_pkg/cmake/executors_exercises_pkgConfig.cmake
[1.292s] -- Installing: /home/robo/Desktop/Multi-threading/ros2_ws/install/executors_exercises_pkg/share/executors_exercises_pkg/cmake/executors_exercises_pkgConfig-version.cmake
[1.293s] -- Installing: /home/robo/Desktop/Multi-threading/ros2_ws/install/executors_exercises_pkg/share/executors_exercises_pkg/package.xml
[1.296s] Invoked command in '/home/robo/Desktop/Multi-threading/ros2_ws/build/executors_exercises_pkg' returned '0': CMAKE_PREFIX_PATH=${CMAKE_PREFIX_PATH}:/opt/ros/humble /home/robo/.local/bin/cmake --install /home/robo/Desktop/Multi-threading/ros2_ws/build/executors_exercises_pkg
