[0.011s] Invoking command in '/home/robo/Desktop/Multi-threading/ros2_ws/build/executors_exercises_pkg': CMAKE_PREFIX_PATH=${CMAKE_PREFIX_PATH}:/opt/ros/humble /home/robo/.local/bin/cmake --build /home/robo/Desktop/Multi-threading/ros2_ws/build/executors_exercises_pkg -- -j12 -l12
[0.038s] -- Found ament_cmake: 1.3.5 (/opt/ros/humble/share/ament_cmake/cmake)
[0.169s] -- Found rclcpp: 16.0.5 (/opt/ros/humble/share/rclcpp/cmake)
[0.192s] -- Found rosidl_generator_c: 3.1.5 (/opt/ros/humble/share/rosidl_generator_c/cmake)
[0.194s] -- Found rosidl_adapter: 3.1.5 (/opt/ros/humble/share/rosidl_adapter/cmake)
[0.199s] -- Found rosidl_generator_cpp: 3.1.5 (/opt/ros/humble/share/rosidl_generator_cpp/cmake)
[0.207s] -- Using all available rosidl_typesupport_c: rosidl_typesupport_fastrtps_c;rosidl_typesupport_introspection_c
[0.220s] -- Using all available rosidl_typesupport_cpp: rosidl_typesupport_fastrtps_cpp;rosidl_typesupport_introspection_cpp
[0.263s] -- Found rmw_implementation_cmake: 6.1.1 (/opt/ros/humble/share/rmw_implementation_cmake/cmake)
[0.265s] -- Found rmw_fastrtps_cpp: 6.2.3 (/opt/ros/humble/share/rmw_fastrtps_cpp/cmake)
[0.344s] -- Using RMW implementation 'rmw_fastrtps_cpp' as default
[0.453s] -- Found nav_msgs: 4.2.3 (/opt/ros/humble/share/nav_msgs/cmake)
[0.539s] -- Found ament_lint_auto: 0.12.7 (/opt/ros/humble/share/ament_lint_auto/cmake)
[0.582s] -- Added test 'cppcheck' to perform static code analysis on C / C++ code
[0.582s] -- Configured cppcheck include dirs: 
[0.582s] -- Configured cppcheck exclude dirs and/or files: 
[0.582s] -- Added test 'lint_cmake' to check CMake code style
[0.582s] -- Added test 'uncrustify' to check C / C++ code style
[0.583s] -- Configured uncrustify additional arguments: 
[0.583s] -- Added test 'xmllint' to check XML markup files
[0.583s] -- Configuring done (0.6s)
[0.592s] -- Generating done (0.0s)
[0.593s] -- Build files have been written to: /home/robo/Desktop/Multi-threading/ros2_ws/build/executors_exercises_pkg
[0.610s] [ 50%] [32mBuilding CXX object CMakeFiles/executor_example_3_node.dir/src/executor_example_3.cpp.o[0m
[2.414s] [100%] [32m[1mLinking CXX executable executor_example_3_node[0m
[2.503s] [100%] Built target executor_example_3_node
[2.509s] Invoked command in '/home/robo/Desktop/Multi-threading/ros2_ws/build/executors_exercises_pkg' returned '0': CMAKE_PREFIX_PATH=${CMAKE_PREFIX_PATH}:/opt/ros/humble /home/robo/.local/bin/cmake --build /home/robo/Desktop/Multi-threading/ros2_ws/build/executors_exercises_pkg -- -j12 -l12
[2.559s] Invoking command in '/home/robo/Desktop/Multi-threading/ros2_ws/build/executors_exercises_pkg': CMAKE_PREFIX_PATH=${CMAKE_PREFIX_PATH}:/opt/ros/humble /home/robo/.local/bin/cmake --install /home/robo/Desktop/Multi-threading/ros2_ws/build/executors_exercises_pkg
[2.575s] -- Install configuration: ""
[2.575s] -- Installing: /home/robo/Desktop/Multi-threading/ros2_ws/install/executors_exercises_pkg/lib/executors_exercises_pkg/executor_example_3_node
[2.576s] -- Set runtime path of "/home/robo/Desktop/Multi-threading/ros2_ws/install/executors_exercises_pkg/lib/executors_exercises_pkg/executor_example_3_node" to ""
[2.576s] -- Up-to-date: /home/robo/Desktop/Multi-threading/ros2_ws/install/executors_exercises_pkg/share/ament_index/resource_index/package_run_dependencies/executors_exercises_pkg
[2.576s] -- Installing: /home/robo/Desktop/Multi-threading/ros2_ws/install/executors_exercises_pkg/share/ament_index/resource_index/parent_prefix_path/executors_exercises_pkg
[2.576s] -- Installing: /home/robo/Desktop/Multi-threading/ros2_ws/install/executors_exercises_pkg/share/executors_exercises_pkg/environment/ament_prefix_path.sh
[2.576s] -- Installing: /home/robo/Desktop/Multi-threading/ros2_ws/install/executors_exercises_pkg/share/executors_exercises_pkg/environment/ament_prefix_path.dsv
[2.576s] -- Installing: /home/robo/Desktop/Multi-threading/ros2_ws/install/executors_exercises_pkg/share/executors_exercises_pkg/environment/path.sh
[2.576s] -- Installing: /home/robo/Desktop/Multi-threading/ros2_ws/install/executors_exercises_pkg/share/executors_exercises_pkg/environment/path.dsv
[2.576s] -- Up-to-date: /home/robo/Desktop/Multi-threading/ros2_ws/install/executors_exercises_pkg/share/executors_exercises_pkg/local_setup.bash
[2.576s] -- Up-to-date: /home/robo/Desktop/Multi-threading/ros2_ws/install/executors_exercises_pkg/share/executors_exercises_pkg/local_setup.sh
[2.576s] -- Up-to-date: /home/robo/Desktop/Multi-threading/ros2_ws/install/executors_exercises_pkg/share/executors_exercises_pkg/local_setup.zsh
[2.576s] -- Installing: /home/robo/Desktop/Multi-threading/ros2_ws/install/executors_exercises_pkg/share/executors_exercises_pkg/local_setup.dsv
[2.577s] -- Installing: /home/robo/Desktop/Multi-threading/ros2_ws/install/executors_exercises_pkg/share/executors_exercises_pkg/package.dsv
[2.577s] -- Up-to-date: /home/robo/Desktop/Multi-threading/ros2_ws/install/executors_exercises_pkg/share/ament_index/resource_index/packages/executors_exercises_pkg
[2.577s] -- Up-to-date: /home/robo/Desktop/Multi-threading/ros2_ws/install/executors_exercises_pkg/share/executors_exercises_pkg/cmake/executors_exercises_pkgConfig.cmake
[2.577s] -- Up-to-date: /home/robo/Desktop/Multi-threading/ros2_ws/install/executors_exercises_pkg/share/executors_exercises_pkg/cmake/executors_exercises_pkgConfig-version.cmake
[2.577s] -- Up-to-date: /home/robo/Desktop/Multi-threading/ros2_ws/install/executors_exercises_pkg/share/executors_exercises_pkg/package.xml
[2.582s] Invoked command in '/home/robo/Desktop/Multi-threading/ros2_ws/build/executors_exercises_pkg' returned '0': CMAKE_PREFIX_PATH=${CMAKE_PREFIX_PATH}:/opt/ros/humble /home/robo/.local/bin/cmake --install /home/robo/Desktop/Multi-threading/ros2_ws/build/executors_exercises_pkg
