[ 50%] [32mBuilding CXX object CMakeFiles/executor_example_3_node.dir/src/executor_example_3.cpp.o[0m
[100%] [32m[1mLinking CXX executable executor_example_3_node[0m
[100%] Built target executor_example_3_node
-- Install configuration: ""
-- Installing: /home/robo/Desktop/Multi-threading/ros2_ws/install/executors_exercises_pkg/lib/executors_exercises_pkg/executor_example_3_node
-- Set runtime path of "/home/robo/Desktop/Multi-threading/ros2_ws/install/executors_exercises_pkg/lib/executors_exercises_pkg/executor_example_3_node" to ""
-- Up-to-date: /home/robo/Desktop/Multi-threading/ros2_ws/install/executors_exercises_pkg/share/ament_index/resource_index/package_run_dependencies/executors_exercises_pkg
-- Up-to-date: /home/robo/Desktop/Multi-threading/ros2_ws/install/executors_exercises_pkg/share/ament_index/resource_index/parent_prefix_path/executors_exercises_pkg
-- Up-to-date: /home/robo/Desktop/Multi-threading/ros2_ws/install/executors_exercises_pkg/share/executors_exercises_pkg/environment/ament_prefix_path.sh
-- Up-to-date: /home/robo/Desktop/Multi-threading/ros2_ws/install/executors_exercises_pkg/share/executors_exercises_pkg/environment/ament_prefix_path.dsv
-- Up-to-date: /home/robo/Desktop/Multi-threading/ros2_ws/install/executors_exercises_pkg/share/executors_exercises_pkg/environment/path.sh
-- Up-to-date: /home/robo/Desktop/Multi-threading/ros2_ws/install/executors_exercises_pkg/share/executors_exercises_pkg/environment/path.dsv
-- Up-to-date: /home/robo/Desktop/Multi-threading/ros2_ws/install/executors_exercises_pkg/share/executors_exercises_pkg/local_setup.bash
-- Up-to-date: /home/robo/Desktop/Multi-threading/ros2_ws/install/executors_exercises_pkg/share/executors_exercises_pkg/local_setup.sh
-- Up-to-date: /home/robo/Desktop/Multi-threading/ros2_ws/install/executors_exercises_pkg/share/executors_exercises_pkg/local_setup.zsh
-- Up-to-date: /home/robo/Desktop/Multi-threading/ros2_ws/install/executors_exercises_pkg/share/executors_exercises_pkg/local_setup.dsv
-- Installing: /home/robo/Desktop/Multi-threading/ros2_ws/install/executors_exercises_pkg/share/executors_exercises_pkg/package.dsv
-- Up-to-date: /home/robo/Desktop/Multi-threading/ros2_ws/install/executors_exercises_pkg/share/ament_index/resource_index/packages/executors_exercises_pkg
-- Up-to-date: /home/robo/Desktop/Multi-threading/ros2_ws/install/executors_exercises_pkg/share/executors_exercises_pkg/cmake/executors_exercises_pkgConfig.cmake
-- Up-to-date: /home/robo/Desktop/Multi-threading/ros2_ws/install/executors_exercises_pkg/share/executors_exercises_pkg/cmake/executors_exercises_pkgConfig-version.cmake
-- Up-to-date: /home/robo/Desktop/Multi-threading/ros2_ws/install/executors_exercises_pkg/share/executors_exercises_pkg/package.xml
