[0.013s] Invoking command in '/home/robo/Desktop/Multi-threading/ros2_ws/build/executors_exercises_pkg': CMAKE_PREFIX_PATH=${CMAKE_PREFIX_PATH}:/opt/ros/humble /home/robo/.local/bin/cmake --build /home/robo/Desktop/Multi-threading/ros2_ws/build/executors_exercises_pkg -- -j12 -l12
[0.047s] [100%] Built target executor_example_3_node
[0.053s] Invoked command in '/home/robo/Desktop/Multi-threading/ros2_ws/build/executors_exercises_pkg' returned '0': CMAKE_PREFIX_PATH=${CMAKE_PREFIX_PATH}:/opt/ros/humble /home/robo/.local/bin/cmake --build /home/robo/Desktop/Multi-threading/ros2_ws/build/executors_exercises_pkg -- -j12 -l12
[0.101s] Invoking command in '/home/robo/Desktop/Multi-threading/ros2_ws/build/executors_exercises_pkg': CMAKE_PREFIX_PATH=${CMAKE_PREFIX_PATH}:/opt/ros/humble /home/robo/.local/bin/cmake --install /home/robo/Desktop/Multi-threading/ros2_ws/build/executors_exercises_pkg
[0.117s] -- Install configuration: ""
[0.117s] -- Up-to-date: /home/robo/Desktop/Multi-threading/ros2_ws/install/executors_exercises_pkg/lib/executors_exercises_pkg/executor_example_3_node
[0.117s] -- Up-to-date: /home/robo/Desktop/Multi-threading/ros2_ws/install/executors_exercises_pkg/share/ament_index/resource_index/package_run_dependencies/executors_exercises_pkg
[0.117s] -- Up-to-date: /home/robo/Desktop/Multi-threading/ros2_ws/install/executors_exercises_pkg/share/ament_index/resource_index/parent_prefix_path/executors_exercises_pkg
[0.117s] -- Up-to-date: /home/robo/Desktop/Multi-threading/ros2_ws/install/executors_exercises_pkg/share/executors_exercises_pkg/environment/ament_prefix_path.sh
[0.117s] -- Up-to-date: /home/robo/Desktop/Multi-threading/ros2_ws/install/executors_exercises_pkg/share/executors_exercises_pkg/environment/ament_prefix_path.dsv
[0.117s] -- Up-to-date: /home/robo/Desktop/Multi-threading/ros2_ws/install/executors_exercises_pkg/share/executors_exercises_pkg/environment/path.sh
[0.118s] -- Up-to-date: /home/robo/Desktop/Multi-threading/ros2_ws/install/executors_exercises_pkg/share/executors_exercises_pkg/environment/path.dsv
[0.118s] -- Up-to-date: /home/robo/Desktop/Multi-threading/ros2_ws/install/executors_exercises_pkg/share/executors_exercises_pkg/local_setup.bash
[0.118s] -- Up-to-date: /home/robo/Desktop/Multi-threading/ros2_ws/install/executors_exercises_pkg/share/executors_exercises_pkg/local_setup.sh
[0.118s] -- Up-to-date: /home/robo/Desktop/Multi-threading/ros2_ws/install/executors_exercises_pkg/share/executors_exercises_pkg/local_setup.zsh
[0.118s] -- Up-to-date: /home/robo/Desktop/Multi-threading/ros2_ws/install/executors_exercises_pkg/share/executors_exercises_pkg/local_setup.dsv
[0.118s] -- Installing: /home/robo/Desktop/Multi-threading/ros2_ws/install/executors_exercises_pkg/share/executors_exercises_pkg/package.dsv
[0.118s] -- Up-to-date: /home/robo/Desktop/Multi-threading/ros2_ws/install/executors_exercises_pkg/share/ament_index/resource_index/packages/executors_exercises_pkg
[0.118s] -- Up-to-date: /home/robo/Desktop/Multi-threading/ros2_ws/install/executors_exercises_pkg/share/executors_exercises_pkg/cmake/executors_exercises_pkgConfig.cmake
[0.118s] -- Up-to-date: /home/robo/Desktop/Multi-threading/ros2_ws/install/executors_exercises_pkg/share/executors_exercises_pkg/cmake/executors_exercises_pkgConfig-version.cmake
[0.118s] -- Up-to-date: /home/robo/Desktop/Multi-threading/ros2_ws/install/executors_exercises_pkg/share/executors_exercises_pkg/package.xml
[0.121s] Invoked command in '/home/robo/Desktop/Multi-threading/ros2_ws/build/executors_exercises_pkg' returned '0': CMAKE_PREFIX_PATH=${CMAKE_PREFIX_PATH}:/opt/ros/humble /home/robo/.local/bin/cmake --install /home/robo/Desktop/Multi-threading/ros2_ws/build/executors_exercises_pkg
