-- Found ament_cmake: 1.3.5 (/opt/ros/humble/share/ament_cmake/cmake)
-- Found rclcpp: 16.0.5 (/opt/ros/humble/share/rclcpp/cmake)
-- Found rosidl_generator_c: 3.1.5 (/opt/ros/humble/share/rosidl_generator_c/cmake)
-- Found rosidl_adapter: 3.1.5 (/opt/ros/humble/share/rosidl_adapter/cmake)
-- Found rosidl_generator_cpp: 3.1.5 (/opt/ros/humble/share/rosidl_generator_cpp/cmake)
-- Using all available rosidl_typesupport_c: rosidl_typesupport_fastrtps_c;rosidl_typesupport_introspection_c
-- Using all available rosidl_typesupport_cpp: rosidl_typesupport_fastrtps_cpp;rosidl_typesupport_introspection_cpp
-- Found rmw_implementation_cmake: 6.1.1 (/opt/ros/humble/share/rmw_implementation_cmake/cmake)
-- Found rmw_fastrtps_cpp: 6.2.3 (/opt/ros/humble/share/rmw_fastrtps_cpp/cmake)
-- Using RMW implementation 'rmw_fastrtps_cpp' as default
-- Found nav_msgs: 4.2.3 (/opt/ros/humble/share/nav_msgs/cmake)
-- Found ament_lint_auto: 0.12.7 (/opt/ros/humble/share/ament_lint_auto/cmake)
-- Added test 'cppcheck' to perform static code analysis on C / C++ code
-- Configured cppcheck include dirs: 
-- Configured cppcheck exclude dirs and/or files: 
-- Added test 'lint_cmake' to check CMake code style
-- Added test 'uncrustify' to check C / C++ code style
-- Configured uncrustify additional arguments: 
-- Added test 'xmllint' to check XML markup files
-- Configuring done (0.5s)
-- Generating done (0.0s)
-- Build files have been written to: /home/robo/Desktop/Multi-threading/build/executors_exercises_pkg
[ 25%] [32mBuilding CXX object CMakeFiles/single-thread-executor_example_3_node.dir/src/single-thread-executor_example_3.cpp.o[0m
[ 75%] Built target multi-thread-executor_example_3_node
[100%] [32m[1mLinking CXX executable single-thread-executor_example_3_node[0m
[100%] Built target single-thread-executor_example_3_node
-- Install configuration: ""
-- Up-to-date: /home/robo/Desktop/Multi-threading/install/executors_exercises_pkg/lib/executors_exercises_pkg/multi-thread-executor_example_3_node
-- Installing: /home/robo/Desktop/Multi-threading/install/executors_exercises_pkg/lib/executors_exercises_pkg/single-thread-executor_example_3_node
-- Set runtime path of "/home/robo/Desktop/Multi-threading/install/executors_exercises_pkg/lib/executors_exercises_pkg/single-thread-executor_example_3_node" to ""
-- Up-to-date: /home/robo/Desktop/Multi-threading/install/executors_exercises_pkg/share/ament_index/resource_index/package_run_dependencies/executors_exercises_pkg
-- Up-to-date: /home/robo/Desktop/Multi-threading/install/executors_exercises_pkg/share/ament_index/resource_index/parent_prefix_path/executors_exercises_pkg
-- Up-to-date: /home/robo/Desktop/Multi-threading/install/executors_exercises_pkg/share/executors_exercises_pkg/environment/ament_prefix_path.sh
-- Installing: /home/robo/Desktop/Multi-threading/install/executors_exercises_pkg/share/executors_exercises_pkg/environment/ament_prefix_path.dsv
-- Up-to-date: /home/robo/Desktop/Multi-threading/install/executors_exercises_pkg/share/executors_exercises_pkg/environment/path.sh
-- Installing: /home/robo/Desktop/Multi-threading/install/executors_exercises_pkg/share/executors_exercises_pkg/environment/path.dsv
-- Up-to-date: /home/robo/Desktop/Multi-threading/install/executors_exercises_pkg/share/executors_exercises_pkg/local_setup.bash
-- Up-to-date: /home/robo/Desktop/Multi-threading/install/executors_exercises_pkg/share/executors_exercises_pkg/local_setup.sh
-- Up-to-date: /home/robo/Desktop/Multi-threading/install/executors_exercises_pkg/share/executors_exercises_pkg/local_setup.zsh
-- Installing: /home/robo/Desktop/Multi-threading/install/executors_exercises_pkg/share/executors_exercises_pkg/local_setup.dsv
-- Installing: /home/robo/Desktop/Multi-threading/install/executors_exercises_pkg/share/executors_exercises_pkg/package.dsv
-- Up-to-date: /home/robo/Desktop/Multi-threading/install/executors_exercises_pkg/share/ament_index/resource_index/packages/executors_exercises_pkg
-- Up-to-date: /home/robo/Desktop/Multi-threading/install/executors_exercises_pkg/share/executors_exercises_pkg/cmake/executors_exercises_pkgConfig.cmake
-- Up-to-date: /home/robo/Desktop/Multi-threading/install/executors_exercises_pkg/share/executors_exercises_pkg/cmake/executors_exercises_pkgConfig-version.cmake
-- Up-to-date: /home/robo/Desktop/Multi-threading/install/executors_exercises_pkg/share/executors_exercises_pkg/package.xml
