[0.012s] Invoking command in '/home/robo/Desktop/Multi-threading/build/executors_exercises_pkg': CMAKE_PREFIX_PATH=${CMAKE_PREFIX_PATH}:/opt/ros/humble /home/robo/.local/bin/cmake --build /home/robo/Desktop/Multi-threading/build/executors_exercises_pkg -- -j12 -l12
[0.035s] -- Found ament_cmake: 1.3.5 (/opt/ros/humble/share/ament_cmake/cmake)
[0.164s] -- Found rclcpp: 16.0.5 (/opt/ros/humble/share/rclcpp/cmake)
[0.184s] -- Found rosidl_generator_c: 3.1.5 (/opt/ros/humble/share/rosidl_generator_c/cmake)
[0.186s] -- Found rosidl_adapter: 3.1.5 (/opt/ros/humble/share/rosidl_adapter/cmake)
[0.191s] -- Found rosidl_generator_cpp: 3.1.5 (/opt/ros/humble/share/rosidl_generator_cpp/cmake)
[0.199s] -- Using all available rosidl_typesupport_c: rosidl_typesupport_fastrtps_c;rosidl_typesupport_introspection_c
[0.210s] -- Using all available rosidl_typesupport_cpp: rosidl_typesupport_fastrtps_cpp;rosidl_typesupport_introspection_cpp
[0.252s] -- Found rmw_implementation_cmake: 6.1.1 (/opt/ros/humble/share/rmw_implementation_cmake/cmake)
[0.253s] -- Found rmw_fastrtps_cpp: 6.2.3 (/opt/ros/humble/share/rmw_fastrtps_cpp/cmake)
[0.330s] -- Using RMW implementation 'rmw_fastrtps_cpp' as default
[0.439s] -- Found nav_msgs: 4.2.3 (/opt/ros/humble/share/nav_msgs/cmake)
[0.525s] -- Found ament_lint_auto: 0.12.7 (/opt/ros/humble/share/ament_lint_auto/cmake)
[0.568s] -- Added test 'cppcheck' to perform static code analysis on C / C++ code
[0.569s] -- Configured cppcheck include dirs: 
[0.569s] -- Configured cppcheck exclude dirs and/or files: 
[0.569s] -- Added test 'lint_cmake' to check CMake code style
[0.569s] -- Added test 'uncrustify' to check C / C++ code style
[0.569s] -- Configured uncrustify additional arguments: 
[0.569s] -- Added test 'xmllint' to check XML markup files
[0.570s] -- Configuring done (0.5s)
[0.578s] -- Generating done (0.0s)
[0.579s] -- Build files have been written to: /home/robo/Desktop/Multi-threading/build/executors_exercises_pkg
[0.590s] [ 25%] [32mBuilding CXX object CMakeFiles/single-thread-executor_example_3_node.dir/src/single-thread-executor_example_3.cpp.o[0m
[0.595s] [ 75%] Built target multi-thread-executor_example_3_node
[2.232s] [100%] [32m[1mLinking CXX executable single-thread-executor_example_3_node[0m
[2.299s] [100%] Built target single-thread-executor_example_3_node
[2.306s] Invoked command in '/home/robo/Desktop/Multi-threading/build/executors_exercises_pkg' returned '0': CMAKE_PREFIX_PATH=${CMAKE_PREFIX_PATH}:/opt/ros/humble /home/robo/.local/bin/cmake --build /home/robo/Desktop/Multi-threading/build/executors_exercises_pkg -- -j12 -l12
[2.356s] Invoking command in '/home/robo/Desktop/Multi-threading/build/executors_exercises_pkg': CMAKE_PREFIX_PATH=${CMAKE_PREFIX_PATH}:/opt/ros/humble /home/robo/.local/bin/cmake --install /home/robo/Desktop/Multi-threading/build/executors_exercises_pkg
[2.372s] -- Install configuration: ""
[2.372s] -- Up-to-date: /home/robo/Desktop/Multi-threading/install/executors_exercises_pkg/lib/executors_exercises_pkg/multi-thread-executor_example_3_node
[2.372s] -- Installing: /home/robo/Desktop/Multi-threading/install/executors_exercises_pkg/lib/executors_exercises_pkg/single-thread-executor_example_3_node
[2.372s] -- Set runtime path of "/home/robo/Desktop/Multi-threading/install/executors_exercises_pkg/lib/executors_exercises_pkg/single-thread-executor_example_3_node" to ""
[2.372s] -- Up-to-date: /home/robo/Desktop/Multi-threading/install/executors_exercises_pkg/share/ament_index/resource_index/package_run_dependencies/executors_exercises_pkg
[2.372s] -- Up-to-date: /home/robo/Desktop/Multi-threading/install/executors_exercises_pkg/share/ament_index/resource_index/parent_prefix_path/executors_exercises_pkg
[2.372s] -- Up-to-date: /home/robo/Desktop/Multi-threading/install/executors_exercises_pkg/share/executors_exercises_pkg/environment/ament_prefix_path.sh
[2.372s] -- Installing: /home/robo/Desktop/Multi-threading/install/executors_exercises_pkg/share/executors_exercises_pkg/environment/ament_prefix_path.dsv
[2.372s] -- Up-to-date: /home/robo/Desktop/Multi-threading/install/executors_exercises_pkg/share/executors_exercises_pkg/environment/path.sh
[2.373s] -- Installing: /home/robo/Desktop/Multi-threading/install/executors_exercises_pkg/share/executors_exercises_pkg/environment/path.dsv
[2.373s] -- Up-to-date: /home/robo/Desktop/Multi-threading/install/executors_exercises_pkg/share/executors_exercises_pkg/local_setup.bash
[2.373s] -- Up-to-date: /home/robo/Desktop/Multi-threading/install/executors_exercises_pkg/share/executors_exercises_pkg/local_setup.sh
[2.373s] -- Up-to-date: /home/robo/Desktop/Multi-threading/install/executors_exercises_pkg/share/executors_exercises_pkg/local_setup.zsh
[2.373s] -- Installing: /home/robo/Desktop/Multi-threading/install/executors_exercises_pkg/share/executors_exercises_pkg/local_setup.dsv
[2.373s] -- Installing: /home/robo/Desktop/Multi-threading/install/executors_exercises_pkg/share/executors_exercises_pkg/package.dsv
[2.373s] -- Up-to-date: /home/robo/Desktop/Multi-threading/install/executors_exercises_pkg/share/ament_index/resource_index/packages/executors_exercises_pkg
[2.373s] -- Up-to-date: /home/robo/Desktop/Multi-threading/install/executors_exercises_pkg/share/executors_exercises_pkg/cmake/executors_exercises_pkgConfig.cmake
[2.373s] -- Up-to-date: /home/robo/Desktop/Multi-threading/install/executors_exercises_pkg/share/executors_exercises_pkg/cmake/executors_exercises_pkgConfig-version.cmake
[2.373s] -- Up-to-date: /home/robo/Desktop/Multi-threading/install/executors_exercises_pkg/share/executors_exercises_pkg/package.xml
[2.377s] Invoked command in '/home/robo/Desktop/Multi-threading/build/executors_exercises_pkg' returned '0': CMAKE_PREFIX_PATH=${CMAKE_PREFIX_PATH}:/opt/ros/humble /home/robo/.local/bin/cmake --install /home/robo/Desktop/Multi-threading/build/executors_exercises_pkg
